<html>
<head>
<title>TestNG:  Default test</title>
<link href="../testng.css" rel="stylesheet" type="text/css" />
<link href="../my-testng.css" rel="stylesheet" type="text/css" />

<style type="text/css">
.log { display: none;} 
.stack-trace { display: none;} 
</style>
<script type="text/javascript">
<!--
function flip(e) {
  current = e.style.display;
  if (current == 'block') {
    e.style.display = 'none';
    return 0;
  }
  else {
    e.style.display = 'block';
    return 1;
  }
}

function toggleBox(szDivId, elem, msg1, msg2)
{
  var res = -1;  if (document.getElementById) {
    res = flip(document.getElementById(szDivId));
  }
  else if (document.all) {
    // this is the way old msie versions work
    res = flip(document.all[szDivId]);
  }
  if(elem) {
    if(res == 0) elem.innerHTML = msg1; else elem.innerHTML = msg2;
  }

}

function toggleAllBoxes() {
  if (document.getElementsByTagName) {
    d = document.getElementsByTagName('div');
    for (i = 0; i < d.length; i++) {
      if (d[i].className == 'log') {
        flip(d[i]);
      }
    }
  }
}

// -->
</script>

</head>
<body>
<h2 align='center'>Default test</h2><table border='1' align="center">
<tr>
<td>Tests passed/Failed/Skipped:</td><td>24/12/0</td>
</tr><tr>
<td>Started on:</td><td>Sat Sep 17 20:08:03 WIB 2022</td>
</tr>
<tr><td>Total time:</td><td>192 seconds (192286 ms)</td>
</tr><tr>
<td>Included groups:</td><td></td>
</tr><tr>
<td>Excluded groups:</td><td></td>
</tr>
</table><p/>
<small><i>(Hover the method name to see the test class name)</i></small><p/>
<table width='100%' border='1' class='invocation-failed'>
<tr><td colspan='4' align='center'><b>FAILED TESTS</b></td></tr>
<tr><td><b>Test method</b></td>
<td width="30%"><b>Exception</b></td>
<td width="10%"><b>Time (seconds)</b></td>
<td><b>Instance</b></td>
</tr>
<tr>
<td title='com.juaracoding.PageObjectTMS.Staff.TestRunnerTMSAStaff.runScenario()'><b>runScenario</b><br>Test class: com.juaracoding.PageObjectTMS.Staff.TestRunnerTMSAStaff<br>Test method: Runs Cucumber Scenarios<br>Parameters: "Staff not type NIK", "Login Staff"</td>
<td><div><pre>java.lang.AssertionError: expected [false] but found [true]
	at org.testng.Assert.fail(Assert.java:99)
	at org.testng.Assert.failNotEquals(Assert.java:1037)
	at org.testng.Assert.assertEqualsImpl(Assert.java:140)
	at org.testng.Assert.assertEquals(Assert.java:122)
	at org.testng.Assert.assertEquals(Assert.java:629)
	at org.testng.Assert.assertEquals(Assert.java:639)
	at com.juaracoding.PageObjectTMS.Staff.TestLaporanKegiatanStaffTMS.staff_invalid_login1(TestLaporanKegiatanStaffTMS.java:70)
	at ✽.Staff invalid loginA1(file:///C:/Users/girangsnm/git/Project-TMS/src/test/resources/features/Staff/01.LaporanKegiatanStaff.feature:8)
</pre></div><a href='#' onClick='toggleBox("stack-trace243596165", this, "Click to show all stack frames", "Click to hide stack frames")'>Click to show all stack frames</a>
<div class='stack-trace' id='stack-trace243596165'><pre>java.lang.AssertionError: expected [false] but found [true]
	at org.testng.Assert.fail(Assert.java:99)
	at org.testng.Assert.failNotEquals(Assert.java:1037)
	at org.testng.Assert.assertEqualsImpl(Assert.java:140)
	at org.testng.Assert.assertEquals(Assert.java:122)
	at org.testng.Assert.assertEquals(Assert.java:629)
	at org.testng.Assert.assertEquals(Assert.java:639)
	at com.juaracoding.PageObjectTMS.Staff.TestLaporanKegiatanStaffTMS.staff_invalid_login1(TestLaporanKegiatanStaffTMS.java:70)
	at ✽.Staff invalid loginA1(file:///C:/Users/girangsnm/git/Project-TMS/src/test/resources/features/Staff/01.LaporanKegiatanStaff.feature:8)
</pre></div></td>
<td>11</td>
<td>com.juaracoding.PageObjectTMS.Staff.TestRunnerTMSAStaff@61df66b6</td></tr>
<tr>
<td title='com.juaracoding.PageObjectTMS.Staff.TestRunnerTMSAStaff.runScenario()'><b>runScenario</b><br>Test class: com.juaracoding.PageObjectTMS.Staff.TestRunnerTMSAStaff<br>Test method: Runs Cucumber Scenarios<br>Parameters: "Staff not upload foto", "Login Staff"</td>
<td><div><pre>java.lang.AssertionError: expected [false] but found [true]
	at org.testng.Assert.fail(Assert.java:99)
	at org.testng.Assert.failNotEquals(Assert.java:1037)
	at org.testng.Assert.assertEqualsImpl(Assert.java:140)
	at org.testng.Assert.assertEquals(Assert.java:122)
	at org.testng.Assert.assertEquals(Assert.java:629)
	at org.testng.Assert.assertEquals(Assert.java:639)
	at com.juaracoding.PageObjectTMS.Staff.TestLaporanKegiatanStaffTMS.staff_get_required_from_btn_choose_file(TestLaporanKegiatanStaffTMS.java:162)
	at ✽.Staff get required from btn choose file(file:///C:/Users/girangsnm/git/Project-TMS/src/test/resources/features/Staff/01.LaporanKegiatanStaff.feature:64)
</pre></div><a href='#' onClick='toggleBox("stack-trace1010311355", this, "Click to show all stack frames", "Click to hide stack frames")'>Click to show all stack frames</a>
<div class='stack-trace' id='stack-trace1010311355'><pre>java.lang.AssertionError: expected [false] but found [true]
	at org.testng.Assert.fail(Assert.java:99)
	at org.testng.Assert.failNotEquals(Assert.java:1037)
	at org.testng.Assert.assertEqualsImpl(Assert.java:140)
	at org.testng.Assert.assertEquals(Assert.java:122)
	at org.testng.Assert.assertEquals(Assert.java:629)
	at org.testng.Assert.assertEquals(Assert.java:639)
	at com.juaracoding.PageObjectTMS.Staff.TestLaporanKegiatanStaffTMS.staff_get_required_from_btn_choose_file(TestLaporanKegiatanStaffTMS.java:162)
	at ✽.Staff get required from btn choose file(file:///C:/Users/girangsnm/git/Project-TMS/src/test/resources/features/Staff/01.LaporanKegiatanStaff.feature:64)
</pre></div></td>
<td>0</td>
<td>com.juaracoding.PageObjectTMS.Staff.TestRunnerTMSAStaff@61df66b6</td></tr>
<tr>
<td title='com.juaracoding.PageObjectTMS.Staff.TestRunnerTMSAStaff.runScenario()'><b>runScenario</b><br>Test class: com.juaracoding.PageObjectTMS.Staff.TestRunnerTMSAStaff<br>Test method: Runs Cucumber Scenarios<br>Parameters: "Staff invalid login", "Login Staff"</td>
<td><div><pre>java.lang.AssertionError: expected [Wrong username or password..!] but found [×
Wrong username or password..!]
	at org.testng.Assert.fail(Assert.java:99)
	at org.testng.Assert.failNotEquals(Assert.java:1037)
	at org.testng.Assert.assertEqualsImpl(Assert.java:140)
	at org.testng.Assert.assertEquals(Assert.java:122)
	at org.testng.Assert.assertEquals(Assert.java:629)
	at org.testng.Assert.assertEquals(Assert.java:639)
	at com.juaracoding.PageObjectTMS.Staff.TestLaporanKegiatanStaffTMS.staff_invalid_login3(TestLaporanKegiatanStaffTMS.java:84)
	at ✽.Staff invalid loginA3(file:///C:/Users/girangsnm/git/Project-TMS/src/test/resources/features/Staff/01.LaporanKegiatanStaff.feature:22)
</pre></div><a href='#' onClick='toggleBox("stack-trace1304065853", this, "Click to show all stack frames", "Click to hide stack frames")'>Click to show all stack frames</a>
<div class='stack-trace' id='stack-trace1304065853'><pre>java.lang.AssertionError: expected [Wrong username or password..!] but found [×
Wrong username or password..!]
	at org.testng.Assert.fail(Assert.java:99)
	at org.testng.Assert.failNotEquals(Assert.java:1037)
	at org.testng.Assert.assertEqualsImpl(Assert.java:140)
	at org.testng.Assert.assertEquals(Assert.java:122)
	at org.testng.Assert.assertEquals(Assert.java:629)
	at org.testng.Assert.assertEquals(Assert.java:639)
	at com.juaracoding.PageObjectTMS.Staff.TestLaporanKegiatanStaffTMS.staff_invalid_login3(TestLaporanKegiatanStaffTMS.java:84)
	at ✽.Staff invalid loginA3(file:///C:/Users/girangsnm/git/Project-TMS/src/test/resources/features/Staff/01.LaporanKegiatanStaff.feature:22)
</pre></div></td>
<td>5</td>
<td>com.juaracoding.PageObjectTMS.Staff.TestRunnerTMSAStaff@61df66b6</td></tr>
<tr>
<td title='com.juaracoding.PageObjectTMS.Staff.TestRunnerTMSAStaff.runScenario()'><b>runScenario</b><br>Test class: com.juaracoding.PageObjectTMS.Staff.TestRunnerTMSAStaff<br>Test method: Runs Cucumber Scenarios<br>Parameters: "Nama shift not choosen", "Login Staff"</td>
<td><div><pre>java.lang.AssertionError: expected [false] but found [div]
	at org.testng.Assert.fail(Assert.java:99)
	at org.testng.Assert.failNotEquals(Assert.java:1037)
	at org.testng.Assert.assertEqualsImpl(Assert.java:140)
	at org.testng.Assert.assertEquals(Assert.java:122)
	at org.testng.Assert.assertEquals(Assert.java:629)
	at org.testng.Assert.assertEquals(Assert.java:639)
	at com.juaracoding.PageObjectTMS.Staff.TestLaporanKegiatanStaffTMS.staff_get_stack_name_shift(TestLaporanKegiatanStaffTMS.java:284)
	at ✽.Staff get stack name shift(file:///C:/Users/girangsnm/git/Project-TMS/src/test/resources/features/Staff/01.LaporanKegiatanStaff.feature:115)
</pre></div><a href='#' onClick='toggleBox("stack-trace1292784864", this, "Click to show all stack frames", "Click to hide stack frames")'>Click to show all stack frames</a>
<div class='stack-trace' id='stack-trace1292784864'><pre>java.lang.AssertionError: expected [false] but found [div]
	at org.testng.Assert.fail(Assert.java:99)
	at org.testng.Assert.failNotEquals(Assert.java:1037)
	at org.testng.Assert.assertEqualsImpl(Assert.java:140)
	at org.testng.Assert.assertEquals(Assert.java:122)
	at org.testng.Assert.assertEquals(Assert.java:629)
	at org.testng.Assert.assertEquals(Assert.java:639)
	at com.juaracoding.PageObjectTMS.Staff.TestLaporanKegiatanStaffTMS.staff_get_stack_name_shift(TestLaporanKegiatanStaffTMS.java:284)
	at ✽.Staff get stack name shift(file:///C:/Users/girangsnm/git/Project-TMS/src/test/resources/features/Staff/01.LaporanKegiatanStaff.feature:115)
</pre></div></td>
<td>2</td>
<td>com.juaracoding.PageObjectTMS.Staff.TestRunnerTMSAStaff@61df66b6</td></tr>
<tr>
<td title='com.juaracoding.PageObjectTMS.Staff.TestRunnerTMSAStaff.runScenario()'><b>runScenario</b><br>Test class: com.juaracoding.PageObjectTMS.Staff.TestRunnerTMSAStaff<br>Test method: Runs Cucumber Scenarios<br>Parameters: "Data not received", "Login Staff"</td>
<td><div><pre>java.lang.AssertionError: expected [false] but found [The filetype you are attempting to upload is not allowed.]
	at org.testng.Assert.fail(Assert.java:99)
	at org.testng.Assert.failNotEquals(Assert.java:1037)
	at org.testng.Assert.assertEqualsImpl(Assert.java:140)
	at org.testng.Assert.assertEquals(Assert.java:122)
	at org.testng.Assert.assertEquals(Assert.java:617)
	at com.juaracoding.PageObjectTMS.Staff.TestLaporanKegiatanStaffTMS.get_warning_sentence(TestLaporanKegiatanStaffTMS.java:444)
	at ✽.Get warning sentence(file:///C:/Users/girangsnm/git/Project-TMS/src/test/resources/features/Staff/01.LaporanKegiatanStaff.feature:188)
</pre></div><a href='#' onClick='toggleBox("stack-trace1879219501", this, "Click to show all stack frames", "Click to hide stack frames")'>Click to show all stack frames</a>
<div class='stack-trace' id='stack-trace1879219501'><pre>java.lang.AssertionError: expected [false] but found [The filetype you are attempting to upload is not allowed.]
	at org.testng.Assert.fail(Assert.java:99)
	at org.testng.Assert.failNotEquals(Assert.java:1037)
	at org.testng.Assert.assertEqualsImpl(Assert.java:140)
	at org.testng.Assert.assertEquals(Assert.java:122)
	at org.testng.Assert.assertEquals(Assert.java:617)
	at com.juaracoding.PageObjectTMS.Staff.TestLaporanKegiatanStaffTMS.get_warning_sentence(TestLaporanKegiatanStaffTMS.java:444)
	at ✽.Get warning sentence(file:///C:/Users/girangsnm/git/Project-TMS/src/test/resources/features/Staff/01.LaporanKegiatanStaff.feature:188)
</pre></div></td>
<td>40</td>
<td>com.juaracoding.PageObjectTMS.Staff.TestRunnerTMSAStaff@61df66b6</td></tr>
<tr>
<td title='com.juaracoding.PageObjectTMS.Staff.TestRunnerTMSAStaff.runScenario()'><b>runScenario</b><br>Test class: com.juaracoding.PageObjectTMS.Staff.TestRunnerTMSAStaff<br>Test method: Runs Cucumber Scenarios<br>Parameters: "Staff not type password", "Login Staff"</td>
<td><div><pre>java.lang.AssertionError: expected [flase] but found [true]
	at org.testng.Assert.fail(Assert.java:99)
	at org.testng.Assert.failNotEquals(Assert.java:1037)
	at org.testng.Assert.assertEqualsImpl(Assert.java:140)
	at org.testng.Assert.assertEquals(Assert.java:122)
	at org.testng.Assert.assertEquals(Assert.java:629)
	at org.testng.Assert.assertEquals(Assert.java:639)
	at com.juaracoding.PageObjectTMS.Staff.TestLaporanKegiatanStaffTMS.staff_invalid_login2(TestLaporanKegiatanStaffTMS.java:77)
	at ✽.Staff invalid loginA2(file:///C:/Users/girangsnm/git/Project-TMS/src/test/resources/features/Staff/01.LaporanKegiatanStaff.feature:15)
</pre></div><a href='#' onClick='toggleBox("stack-trace695085082", this, "Click to show all stack frames", "Click to hide stack frames")'>Click to show all stack frames</a>
<div class='stack-trace' id='stack-trace695085082'><pre>java.lang.AssertionError: expected [flase] but found [true]
	at org.testng.Assert.fail(Assert.java:99)
	at org.testng.Assert.failNotEquals(Assert.java:1037)
	at org.testng.Assert.assertEqualsImpl(Assert.java:140)
	at org.testng.Assert.assertEquals(Assert.java:122)
	at org.testng.Assert.assertEquals(Assert.java:629)
	at org.testng.Assert.assertEquals(Assert.java:639)
	at com.juaracoding.PageObjectTMS.Staff.TestLaporanKegiatanStaffTMS.staff_invalid_login2(TestLaporanKegiatanStaffTMS.java:77)
	at ✽.Staff invalid loginA2(file:///C:/Users/girangsnm/git/Project-TMS/src/test/resources/features/Staff/01.LaporanKegiatanStaff.feature:15)
</pre></div></td>
<td>5</td>
<td>com.juaracoding.PageObjectTMS.Staff.TestRunnerTMSAStaff@61df66b6</td></tr>
<tr>
<td title='com.juaracoding.PageObjectTMS.Staff.TestRunnerTMSAStaff.runScenario()'><b>runScenario</b><br>Test class: com.juaracoding.PageObjectTMS.Staff.TestRunnerTMSAStaff<br>Test method: Runs Cucumber Scenarios<br>Parameters: "Null text", "Login Staff"</td>
<td><div><pre>java.lang.AssertionError: expected [false] but found [true]
	at org.testng.Assert.fail(Assert.java:99)
	at org.testng.Assert.failNotEquals(Assert.java:1037)
	at org.testng.Assert.assertEqualsImpl(Assert.java:140)
	at org.testng.Assert.assertEquals(Assert.java:122)
	at org.testng.Assert.assertEquals(Assert.java:629)
	at org.testng.Assert.assertEquals(Assert.java:639)
	at com.juaracoding.PageObjectTMS.Staff.TestLaporanKegiatanStaffTMS.staff_get_required_from_text_area(TestLaporanKegiatanStaffTMS.java:423)
	at ✽.Staff get required from text area(file:///C:/Users/girangsnm/git/Project-TMS/src/test/resources/features/Staff/01.LaporanKegiatanStaff.feature:177)
</pre></div><a href='#' onClick='toggleBox("stack-trace913902572", this, "Click to show all stack frames", "Click to hide stack frames")'>Click to show all stack frames</a>
<div class='stack-trace' id='stack-trace913902572'><pre>java.lang.AssertionError: expected [false] but found [true]
	at org.testng.Assert.fail(Assert.java:99)
	at org.testng.Assert.failNotEquals(Assert.java:1037)
	at org.testng.Assert.assertEqualsImpl(Assert.java:140)
	at org.testng.Assert.assertEquals(Assert.java:122)
	at org.testng.Assert.assertEquals(Assert.java:629)
	at org.testng.Assert.assertEquals(Assert.java:639)
	at com.juaracoding.PageObjectTMS.Staff.TestLaporanKegiatanStaffTMS.staff_get_required_from_text_area(TestLaporanKegiatanStaffTMS.java:423)
	at ✽.Staff get required from text area(file:///C:/Users/girangsnm/git/Project-TMS/src/test/resources/features/Staff/01.LaporanKegiatanStaff.feature:177)
</pre></div></td>
<td>0</td>
<td>com.juaracoding.PageObjectTMS.Staff.TestRunnerTMSAStaff@61df66b6</td></tr>
<tr>
<td title='com.juaracoding.PageObjectTMS.Staff.TestRunnerTMSAStaff.runScenario()'><b>runScenario</b><br>Test class: com.juaracoding.PageObjectTMS.Staff.TestRunnerTMSAStaff<br>Test method: Runs Cucumber Scenarios<br>Parameters: "Staff upload wrong type", "Login Staff"</td>
<td><div><pre>java.lang.AssertionError: expected [false] but found [img]
	at org.testng.Assert.fail(Assert.java:99)
	at org.testng.Assert.failNotEquals(Assert.java:1037)
	at org.testng.Assert.assertEqualsImpl(Assert.java:140)
	at org.testng.Assert.assertEquals(Assert.java:122)
	at org.testng.Assert.assertEquals(Assert.java:629)
	at org.testng.Assert.assertEquals(Assert.java:639)
	at com.juaracoding.PageObjectTMS.Staff.TestLaporanKegiatanStaffTMS.image_not_shown(TestLaporanKegiatanStaffTMS.java:178)
	at ✽.image not shown(file:///C:/Users/girangsnm/git/Project-TMS/src/test/resources/features/Staff/01.LaporanKegiatanStaff.feature:69)
</pre></div><a href='#' onClick='toggleBox("stack-trace2028042905", this, "Click to show all stack frames", "Click to hide stack frames")'>Click to show all stack frames</a>
<div class='stack-trace' id='stack-trace2028042905'><pre>java.lang.AssertionError: expected [false] but found [img]
	at org.testng.Assert.fail(Assert.java:99)
	at org.testng.Assert.failNotEquals(Assert.java:1037)
	at org.testng.Assert.assertEqualsImpl(Assert.java:140)
	at org.testng.Assert.assertEquals(Assert.java:122)
	at org.testng.Assert.assertEquals(Assert.java:629)
	at org.testng.Assert.assertEquals(Assert.java:639)
	at com.juaracoding.PageObjectTMS.Staff.TestLaporanKegiatanStaffTMS.image_not_shown(TestLaporanKegiatanStaffTMS.java:178)
	at ✽.image not shown(file:///C:/Users/girangsnm/git/Project-TMS/src/test/resources/features/Staff/01.LaporanKegiatanStaff.feature:69)
</pre></div></td>
<td>2</td>
<td>com.juaracoding.PageObjectTMS.Staff.TestRunnerTMSAStaff@61df66b6</td></tr>
<tr>
<td title='com.juaracoding.PageObjectTMS.Staff.TestRunnerTMSAStaff.runScenario()'><b>runScenario</b><br>Test class: com.juaracoding.PageObjectTMS.Staff.TestRunnerTMSAStaff<br>Test method: Runs Cucumber Scenarios<br>Parameters: "Tipe shift not choosen", "Login Staff"</td>
<td><div><pre>java.lang.AssertionError: expected [false] but found [true]
	at org.testng.Assert.fail(Assert.java:99)
	at org.testng.Assert.failNotEquals(Assert.java:1037)
	at org.testng.Assert.assertEqualsImpl(Assert.java:140)
	at org.testng.Assert.assertEquals(Assert.java:122)
	at org.testng.Assert.assertEquals(Assert.java:629)
	at org.testng.Assert.assertEquals(Assert.java:639)
	at com.juaracoding.PageObjectTMS.Staff.TestLaporanKegiatanStaffTMS.staff_get_alert_from_select_box_tipe_shift(TestLaporanKegiatanStaffTMS.java:250)
	at ✽.Staff get alert from select box tipe shift(file:///C:/Users/girangsnm/git/Project-TMS/src/test/resources/features/Staff/01.LaporanKegiatanStaff.feature:99)
</pre></div><a href='#' onClick='toggleBox("stack-trace518290846", this, "Click to show all stack frames", "Click to hide stack frames")'>Click to show all stack frames</a>
<div class='stack-trace' id='stack-trace518290846'><pre>java.lang.AssertionError: expected [false] but found [true]
	at org.testng.Assert.fail(Assert.java:99)
	at org.testng.Assert.failNotEquals(Assert.java:1037)
	at org.testng.Assert.assertEqualsImpl(Assert.java:140)
	at org.testng.Assert.assertEquals(Assert.java:122)
	at org.testng.Assert.assertEquals(Assert.java:629)
	at org.testng.Assert.assertEquals(Assert.java:639)
	at com.juaracoding.PageObjectTMS.Staff.TestLaporanKegiatanStaffTMS.staff_get_alert_from_select_box_tipe_shift(TestLaporanKegiatanStaffTMS.java:250)
	at ✽.Staff get alert from select box tipe shift(file:///C:/Users/girangsnm/git/Project-TMS/src/test/resources/features/Staff/01.LaporanKegiatanStaff.feature:99)
</pre></div></td>
<td>0</td>
<td>com.juaracoding.PageObjectTMS.Staff.TestRunnerTMSAStaff@61df66b6</td></tr>
<tr>
<td title='com.juaracoding.PageObjectTMS.Staff.TestRunnerTMSAStaff.runScenario()'><b>runScenario</b><br>Test class: com.juaracoding.PageObjectTMS.Staff.TestRunnerTMSAStaff<br>Test method: Runs Cucumber Scenarios<br>Parameters: "Data sent successfully", "Login Staff"</td>
<td><div><pre>io.cucumber.testng.UndefinedStepException: The step &apos;Staff clik&apos; is undefined.
You can implement this step using the snippet(s) below:

@When(&quot;Staff clik&quot;)
public void staff_clik() {
    // Write code here that turns the phrase above into concrete actions
    throw new io.cucumber.java.PendingException();
}

	at io.cucumber.core.runtime.TestCaseResultObserver.assertTestCasePassed(TestCaseResultObserver.java:69)
	at io.cucumber.testng.TestCaseResultObserver.assertTestCasePassed(TestCaseResultObserver.java:23)
	at io.cucumber.testng.TestNGCucumberRunner.lambda$runScenario$1(TestNGCucumberRunner.java:133)
	at io.cucumber.core.runtime.CucumberExecutionContext.lambda$runTestCase$5(CucumberExecutionContext.java:129)
	at io.cucumber.core.runtime.RethrowingThrowableCollector.executeAndThrow(RethrowingThrowableCollector.java:23)
	at io.cucumber.core.runtime.CucumberExecutionContext.runTestCase(CucumberExecutionContext.java:129)
	at io.cucumber.testng.TestNGCucumberRunner.runScenario(TestNGCucumberRunner.java:129)
	at io.cucumber.testng.AbstractTestNGCucumberTests.runScenario(AbstractTestNGCucumberTests.java:35)
	at java.base/jdk.internal.reflect.DirectMethodHandleAccessor.invoke(DirectMethodHandleAccessor.java:104)
	at java.base/java.lang.reflect.Method.invoke(Method.java:577)
	at org.testng.internal.MethodInvocationHelper.invokeMethod(MethodInvocationHelper.java:133)
	at org.testng.internal.TestInvoker.invokeMethod(TestInvoker.java:598)
	at org.testng.internal.TestInvoker.invokeTestMethod(TestInvoker.java:173)
	at org.testng.internal.MethodRunner.runInSequence(MethodRunner.java:46)
	at org.testng.internal.TestInvoker$MethodInvocationAgent.invoke(TestInvoker.java:824)
	at org.testng.internal.TestInvoker.invokeTestMethods(TestInvoker.java:146)
	at org.testng.internal.TestMethodWorker.invokeTestMethods(TestMethodWorker.java:146)
	at org.testng.internal.TestMethodWorker.run(TestMethodWorker.java:128)
	at java.base/java.util.ArrayList.forEach(ArrayList.java:1511)
	at org.testng.TestRunner.privateRun(TestRunner.java:794)
	at org.testng.TestRunner.run(TestRunner.java:596)
	at org.testng.SuiteRunner.runTest(SuiteRunner.java:377)
	at org.testng.SuiteRunner.runSequentially(SuiteRunner.java:371)
	at org.testng.SuiteRunner.privateRun(SuiteRunner.java:332)
	at org.testng.SuiteRunner.run(SuiteRunner.java:276)
	at org.testng.SuiteRunnerWorker.runSuite(SuiteRunnerWorker.java:53)
	at org.testng.SuiteRunnerWorker.run(SuiteRunnerWorker.java:96)
	at org.testng.TestNG.runSuitesSequentially(TestNG.java:1212)
	at org.testng.TestNG.runSuitesLocally(TestNG.java:1134)
	at org.testng.TestNG.runSuites(TestNG.java:1063)
	at org.testng.TestNG.run(TestNG.java:1031)
	at org.testng.remote.AbstractRemoteTestNG.run(AbstractRemoteTestNG.java:115)
	at org.testng.remote.RemoteTestNG.initAndRun(RemoteTestNG.java:251)
	at org.testng.remote.RemoteTestNG.main(RemoteTestNG.java:77)
</pre></div><a href='#' onClick='toggleBox("stack-trace257585702", this, "Click to show all stack frames", "Click to hide stack frames")'>Click to show all stack frames</a>
<div class='stack-trace' id='stack-trace257585702'><pre>io.cucumber.testng.UndefinedStepException: The step &apos;Staff clik&apos; is undefined.
You can implement this step using the snippet(s) below:

@When(&quot;Staff clik&quot;)
public void staff_clik() {
    // Write code here that turns the phrase above into concrete actions
    throw new io.cucumber.java.PendingException();
}

	at io.cucumber.core.runtime.TestCaseResultObserver.assertTestCasePassed(TestCaseResultObserver.java:69)
	at io.cucumber.testng.TestCaseResultObserver.assertTestCasePassed(TestCaseResultObserver.java:23)
	at io.cucumber.testng.TestNGCucumberRunner.lambda$runScenario$1(TestNGCucumberRunner.java:133)
	at io.cucumber.core.runtime.CucumberExecutionContext.lambda$runTestCase$5(CucumberExecutionContext.java:129)
	at io.cucumber.core.runtime.RethrowingThrowableCollector.executeAndThrow(RethrowingThrowableCollector.java:23)
	at io.cucumber.core.runtime.CucumberExecutionContext.runTestCase(CucumberExecutionContext.java:129)
	at io.cucumber.testng.TestNGCucumberRunner.runScenario(TestNGCucumberRunner.java:129)
	at io.cucumber.testng.AbstractTestNGCucumberTests.runScenario(AbstractTestNGCucumberTests.java:35)
	at java.base/jdk.internal.reflect.DirectMethodHandleAccessor.invoke(DirectMethodHandleAccessor.java:104)
	at java.base/java.lang.reflect.Method.invoke(Method.java:577)
	at org.testng.internal.MethodInvocationHelper.invokeMethod(MethodInvocationHelper.java:133)
	at org.testng.internal.TestInvoker.invokeMethod(TestInvoker.java:598)
	at org.testng.internal.TestInvoker.invokeTestMethod(TestInvoker.java:173)
	at org.testng.internal.MethodRunner.runInSequence(MethodRunner.java:46)
	at org.testng.internal.TestInvoker$MethodInvocationAgent.invoke(TestInvoker.java:824)
	at org.testng.internal.TestInvoker.invokeTestMethods(TestInvoker.java:146)
	at org.testng.internal.TestMethodWorker.invokeTestMethods(TestMethodWorker.java:146)
	at org.testng.internal.TestMethodWorker.run(TestMethodWorker.java:128)
	at java.base/java.util.ArrayList.forEach(ArrayList.java:1511)
	at org.testng.TestRunner.privateRun(TestRunner.java:794)
	at org.testng.TestRunner.run(TestRunner.java:596)
	at org.testng.SuiteRunner.runTest(SuiteRunner.java:377)
	at org.testng.SuiteRunner.runSequentially(SuiteRunner.java:371)
	at org.testng.SuiteRunner.privateRun(SuiteRunner.java:332)
	at org.testng.SuiteRunner.run(SuiteRunner.java:276)
	at org.testng.SuiteRunnerWorker.runSuite(SuiteRunnerWorker.java:53)
	at org.testng.SuiteRunnerWorker.run(SuiteRunnerWorker.java:96)
	at org.testng.TestNG.runSuitesSequentially(TestNG.java:1212)
	at org.testng.TestNG.runSuitesLocally(TestNG.java:1134)
	at org.testng.TestNG.runSuites(TestNG.java:1063)
	at org.testng.TestNG.run(TestNG.java:1031)
	at org.testng.remote.AbstractRemoteTestNG.run(AbstractRemoteTestNG.java:115)
	at org.testng.remote.RemoteTestNG.initAndRun(RemoteTestNG.java:251)
	at org.testng.remote.RemoteTestNG.main(RemoteTestNG.java:77)
</pre></div></td>
<td>22</td>
<td>com.juaracoding.PageObjectTMS.Staff.TestRunnerTMSAStaff@61df66b6</td></tr>
<tr>
<td title='com.juaracoding.PageObjectTMS.Staff.TestRunnerTMSAStaff.runScenario()'><b>runScenario</b><br>Test class: com.juaracoding.PageObjectTMS.Staff.TestRunnerTMSAStaff<br>Test method: Runs Cucumber Scenarios<br>Parameters: "Divisi not choosen", "Login Staff"</td>
<td><div><pre>io.cucumber.testng.UndefinedStepException: The step &apos;Staff get required from select box divisi&apos; is undefined.
You can implement this step using the snippet(s) below:

@Then(&quot;Staff get required from select box divisi&quot;)
public void staff_get_required_from_select_box_divisi() {
    // Write code here that turns the phrase above into concrete actions
    throw new io.cucumber.java.PendingException();
}

	at io.cucumber.core.runtime.TestCaseResultObserver.assertTestCasePassed(TestCaseResultObserver.java:69)
	at io.cucumber.testng.TestCaseResultObserver.assertTestCasePassed(TestCaseResultObserver.java:23)
	at io.cucumber.testng.TestNGCucumberRunner.lambda$runScenario$1(TestNGCucumberRunner.java:133)
	at io.cucumber.core.runtime.CucumberExecutionContext.lambda$runTestCase$5(CucumberExecutionContext.java:129)
	at io.cucumber.core.runtime.RethrowingThrowableCollector.executeAndThrow(RethrowingThrowableCollector.java:23)
	at io.cucumber.core.runtime.CucumberExecutionContext.runTestCase(CucumberExecutionContext.java:129)
	at io.cucumber.testng.TestNGCucumberRunner.runScenario(TestNGCucumberRunner.java:129)
	at io.cucumber.testng.AbstractTestNGCucumberTests.runScenario(AbstractTestNGCucumberTests.java:35)
	at java.base/jdk.internal.reflect.DirectMethodHandleAccessor.invoke(DirectMethodHandleAccessor.java:104)
	at java.base/java.lang.reflect.Method.invoke(Method.java:577)
	at org.testng.internal.MethodInvocationHelper.invokeMethod(MethodInvocationHelper.java:133)
	at org.testng.internal.TestInvoker.invokeMethod(TestInvoker.java:598)
	at org.testng.internal.TestInvoker.invokeTestMethod(TestInvoker.java:173)
	at org.testng.internal.MethodRunner.runInSequence(MethodRunner.java:46)
	at org.testng.internal.TestInvoker$MethodInvocationAgent.invoke(TestInvoker.java:824)
	at org.testng.internal.TestInvoker.invokeTestMethods(TestInvoker.java:146)
	at org.testng.internal.TestMethodWorker.invokeTestMethods(TestMethodWorker.java:146)
	at org.testng.internal.TestMethodWorker.run(TestMethodWorker.java:128)
	at java.base/java.util.ArrayList.forEach(ArrayList.java:1511)
	at org.testng.TestRunner.privateRun(TestRunner.java:794)
	at org.testng.TestRunner.run(TestRunner.java:596)
	at org.testng.SuiteRunner.runTest(SuiteRunner.java:377)
	at org.testng.SuiteRunner.runSequentially(SuiteRunner.java:371)
	at org.testng.SuiteRunner.privateRun(SuiteRunner.java:332)
	at org.testng.SuiteRunner.run(SuiteRunner.java:276)
	at org.testng.SuiteRunnerWorker.runSuite(SuiteRunnerWorker.java:53)
	at org.testng.SuiteRunnerWorker.run(SuiteRunnerWorker.java:96)
	at org.testng.TestNG.runSuitesSequentially(TestNG.java:1212)
	at org.testng.TestNG.runSuitesLocally(TestNG.java:1134)
	at org.testng.TestNG.runSuites(TestNG.java:1063)
	at org.testng.TestNG.run(TestNG.java:1031)
	at org.testng.remote.AbstractRemoteTestNG.run(AbstractRemoteTestNG.java:115)
	at org.testng.remote.RemoteTestNG.initAndRun(RemoteTestNG.java:251)
	at org.testng.remote.RemoteTestNG.main(RemoteTestNG.java:77)
</pre></div><a href='#' onClick='toggleBox("stack-trace624475142", this, "Click to show all stack frames", "Click to hide stack frames")'>Click to show all stack frames</a>
<div class='stack-trace' id='stack-trace624475142'><pre>io.cucumber.testng.UndefinedStepException: The step &apos;Staff get required from select box divisi&apos; is undefined.
You can implement this step using the snippet(s) below:

@Then(&quot;Staff get required from select box divisi&quot;)
public void staff_get_required_from_select_box_divisi() {
    // Write code here that turns the phrase above into concrete actions
    throw new io.cucumber.java.PendingException();
}

	at io.cucumber.core.runtime.TestCaseResultObserver.assertTestCasePassed(TestCaseResultObserver.java:69)
	at io.cucumber.testng.TestCaseResultObserver.assertTestCasePassed(TestCaseResultObserver.java:23)
	at io.cucumber.testng.TestNGCucumberRunner.lambda$runScenario$1(TestNGCucumberRunner.java:133)
	at io.cucumber.core.runtime.CucumberExecutionContext.lambda$runTestCase$5(CucumberExecutionContext.java:129)
	at io.cucumber.core.runtime.RethrowingThrowableCollector.executeAndThrow(RethrowingThrowableCollector.java:23)
	at io.cucumber.core.runtime.CucumberExecutionContext.runTestCase(CucumberExecutionContext.java:129)
	at io.cucumber.testng.TestNGCucumberRunner.runScenario(TestNGCucumberRunner.java:129)
	at io.cucumber.testng.AbstractTestNGCucumberTests.runScenario(AbstractTestNGCucumberTests.java:35)
	at java.base/jdk.internal.reflect.DirectMethodHandleAccessor.invoke(DirectMethodHandleAccessor.java:104)
	at java.base/java.lang.reflect.Method.invoke(Method.java:577)
	at org.testng.internal.MethodInvocationHelper.invokeMethod(MethodInvocationHelper.java:133)
	at org.testng.internal.TestInvoker.invokeMethod(TestInvoker.java:598)
	at org.testng.internal.TestInvoker.invokeTestMethod(TestInvoker.java:173)
	at org.testng.internal.MethodRunner.runInSequence(MethodRunner.java:46)
	at org.testng.internal.TestInvoker$MethodInvocationAgent.invoke(TestInvoker.java:824)
	at org.testng.internal.TestInvoker.invokeTestMethods(TestInvoker.java:146)
	at org.testng.internal.TestMethodWorker.invokeTestMethods(TestMethodWorker.java:146)
	at org.testng.internal.TestMethodWorker.run(TestMethodWorker.java:128)
	at java.base/java.util.ArrayList.forEach(ArrayList.java:1511)
	at org.testng.TestRunner.privateRun(TestRunner.java:794)
	at org.testng.TestRunner.run(TestRunner.java:596)
	at org.testng.SuiteRunner.runTest(SuiteRunner.java:377)
	at org.testng.SuiteRunner.runSequentially(SuiteRunner.java:371)
	at org.testng.SuiteRunner.privateRun(SuiteRunner.java:332)
	at org.testng.SuiteRunner.run(SuiteRunner.java:276)
	at org.testng.SuiteRunnerWorker.runSuite(SuiteRunnerWorker.java:53)
	at org.testng.SuiteRunnerWorker.run(SuiteRunnerWorker.java:96)
	at org.testng.TestNG.runSuitesSequentially(TestNG.java:1212)
	at org.testng.TestNG.runSuitesLocally(TestNG.java:1134)
	at org.testng.TestNG.runSuites(TestNG.java:1063)
	at org.testng.TestNG.run(TestNG.java:1031)
	at org.testng.remote.AbstractRemoteTestNG.run(AbstractRemoteTestNG.java:115)
	at org.testng.remote.RemoteTestNG.initAndRun(RemoteTestNG.java:251)
	at org.testng.remote.RemoteTestNG.main(RemoteTestNG.java:77)
</pre></div></td>
<td>0</td>
<td>com.juaracoding.PageObjectTMS.Staff.TestRunnerTMSAStaff@61df66b6</td></tr>
<tr>
<td title='com.juaracoding.PageObjectTMS.Staff.TestRunnerTMSAStaff.runScenario()'><b>runScenario</b><br>Test class: com.juaracoding.PageObjectTMS.Staff.TestRunnerTMSAStaff<br>Test method: Runs Cucumber Scenarios<br>Parameters: "Tipe Absen not choosen", "Login Staff"</td>
<td><div><pre>java.lang.AssertionError: expected [false] but found [true]
	at org.testng.Assert.fail(Assert.java:99)
	at org.testng.Assert.failNotEquals(Assert.java:1037)
	at org.testng.Assert.assertEqualsImpl(Assert.java:140)
	at org.testng.Assert.assertEquals(Assert.java:122)
	at org.testng.Assert.assertEquals(Assert.java:629)
	at org.testng.Assert.assertEquals(Assert.java:639)
	at com.juaracoding.PageObjectTMS.Staff.TestLaporanKegiatanStaffTMS.staff_get_required_from_select_box_tipe_absen(TestLaporanKegiatanStaffTMS.java:388)
	at ✽.Staff get required from select box tipe absen(file:///C:/Users/girangsnm/git/Project-TMS/src/test/resources/features/Staff/01.LaporanKegiatanStaff.feature:162)
</pre></div><a href='#' onClick='toggleBox("stack-trace1830984476", this, "Click to show all stack frames", "Click to hide stack frames")'>Click to show all stack frames</a>
<div class='stack-trace' id='stack-trace1830984476'><pre>java.lang.AssertionError: expected [false] but found [true]
	at org.testng.Assert.fail(Assert.java:99)
	at org.testng.Assert.failNotEquals(Assert.java:1037)
	at org.testng.Assert.assertEqualsImpl(Assert.java:140)
	at org.testng.Assert.assertEquals(Assert.java:122)
	at org.testng.Assert.assertEquals(Assert.java:629)
	at org.testng.Assert.assertEquals(Assert.java:639)
	at com.juaracoding.PageObjectTMS.Staff.TestLaporanKegiatanStaffTMS.staff_get_required_from_select_box_tipe_absen(TestLaporanKegiatanStaffTMS.java:388)
	at ✽.Staff get required from select box tipe absen(file:///C:/Users/girangsnm/git/Project-TMS/src/test/resources/features/Staff/01.LaporanKegiatanStaff.feature:162)
</pre></div></td>
<td>0</td>
<td>com.juaracoding.PageObjectTMS.Staff.TestRunnerTMSAStaff@61df66b6</td></tr>
</table><p>
<table width='100%' border='1' class='invocation-passed'>
<tr><td colspan='4' align='center'><b>PASSED TESTS</b></td></tr>
<tr><td><b>Test method</b></td>
<td width="30%"><b>Exception</b></td>
<td width="10%"><b>Time (seconds)</b></td>
<td><b>Instance</b></td>
</tr>
<tr>
<td title='com.juaracoding.PageObjectTMS.Staff.TestRunnerTMSAStaff.runScenario()'><b>runScenario</b><br>Test class: com.juaracoding.PageObjectTMS.Staff.TestRunnerTMSAStaff<br>Test method: Runs Cucumber Scenarios<br>Parameters: "Staff input text", "Login Staff"</td>
<td></td>
<td>4</td>
<td>com.juaracoding.PageObjectTMS.Staff.TestRunnerTMSAStaff@61df66b6</td></tr>
<tr>
<td title='com.juaracoding.PageObjectTMS.Staff.TestRunnerTMSAStaff.runScenario()'><b>runScenario</b><br>Test class: com.juaracoding.PageObjectTMS.Staff.TestRunnerTMSAStaff<br>Test method: Runs Cucumber Scenarios<br>Parameters: "Staff select rent car", "Login Staff"</td>
<td></td>
<td>4</td>
<td>com.juaracoding.PageObjectTMS.Staff.TestRunnerTMSAStaff@61df66b6</td></tr>
<tr>
<td title='com.juaracoding.PageObjectTMS.Staff.TestRunnerTMSAStaff.runScenario()'><b>runScenario</b><br>Test class: com.juaracoding.PageObjectTMS.Staff.TestRunnerTMSAStaff<br>Test method: Runs Cucumber Scenarios<br>Parameters: "Staff select D3", "Login Staff"</td>
<td></td>
<td>4</td>
<td>com.juaracoding.PageObjectTMS.Staff.TestRunnerTMSAStaff@61df66b6</td></tr>
<tr>
<td title='com.juaracoding.PageObjectTMS.Staff.TestRunnerTMSAStaff.runScenario()'><b>runScenario</b><br>Test class: com.juaracoding.PageObjectTMS.Staff.TestRunnerTMSAStaff<br>Test method: Runs Cucumber Scenarios<br>Parameters: "Staff select D2", "Login Staff"</td>
<td></td>
<td>4</td>
<td>com.juaracoding.PageObjectTMS.Staff.TestRunnerTMSAStaff@61df66b6</td></tr>
<tr>
<td title='com.juaracoding.PageObjectTMS.Staff.TestRunnerTMSAStaff.runScenario()'><b>runScenario</b><br>Test class: com.juaracoding.PageObjectTMS.Staff.TestRunnerTMSAStaff<br>Test method: Runs Cucumber Scenarios<br>Parameters: "Staff upload correct type", "Login Staff"</td>
<td></td>
<td>4</td>
<td>com.juaracoding.PageObjectTMS.Staff.TestRunnerTMSAStaff@61df66b6</td></tr>
<tr>
<td title='com.juaracoding.PageObjectTMS.Staff.TestRunnerTMSAStaff.runScenario()'><b>runScenario</b><br>Test class: com.juaracoding.PageObjectTMS.Staff.TestRunnerTMSAStaff<br>Test method: Runs Cucumber Scenarios<br>Parameters: "Staff select non shift", "Login Staff"</td>
<td></td>
<td>4</td>
<td>com.juaracoding.PageObjectTMS.Staff.TestRunnerTMSAStaff@61df66b6</td></tr>
<tr>
<td title='com.juaracoding.PageObjectTMS.Staff.TestRunnerTMSAStaff.runScenario()'><b>runScenario</b><br>Test class: com.juaracoding.PageObjectTMS.Staff.TestRunnerTMSAStaff<br>Test method: Runs Cucumber Scenarios<br>Parameters: "Staff senin siang", "Login Staff"</td>
<td></td>
<td>4</td>
<td>com.juaracoding.PageObjectTMS.Staff.TestRunnerTMSAStaff@61df66b6</td></tr>
<tr>
<td title='com.juaracoding.PageObjectTMS.Staff.TestRunnerTMSAStaff.runScenario()'><b>runScenario</b><br>Test class: com.juaracoding.PageObjectTMS.Staff.TestRunnerTMSAStaff<br>Test method: Runs Cucumber Scenarios<br>Parameters: "Staff showing button submit", "Login Staff"</td>
<td></td>
<td>0</td>
<td>com.juaracoding.PageObjectTMS.Staff.TestRunnerTMSAStaff@61df66b6</td></tr>
<tr>
<td title='com.juaracoding.PageObjectTMS.Staff.TestRunnerTMSAStaff.runScenario()'><b>runScenario</b><br>Test class: com.juaracoding.PageObjectTMS.Staff.TestRunnerTMSAStaff<br>Test method: Runs Cucumber Scenarios<br>Parameters: "Staff senin pagi", "Login Staff"</td>
<td></td>
<td>4</td>
<td>com.juaracoding.PageObjectTMS.Staff.TestRunnerTMSAStaff@61df66b6</td></tr>
<tr>
<td title='com.juaracoding.PageObjectTMS.Staff.TestRunnerTMSAStaff.runScenario()'><b>runScenario</b><br>Test class: com.juaracoding.PageObjectTMS.Staff.TestRunnerTMSAStaff<br>Test method: Runs Cucumber Scenarios<br>Parameters: "Staff valid login", "Login Staff"</td>
<td></td>
<td>10</td>
<td>com.juaracoding.PageObjectTMS.Staff.TestRunnerTMSAStaff@61df66b6</td></tr>
<tr>
<td title='com.juaracoding.PageObjectTMS.Staff.TestRunnerTMSAStaff.runScenario()'><b>runScenario</b><br>Test class: com.juaracoding.PageObjectTMS.Staff.TestRunnerTMSAStaff<br>Test method: Runs Cucumber Scenarios<br>Parameters: "Staff senin middle", "Login Staff"</td>
<td></td>
<td>4</td>
<td>com.juaracoding.PageObjectTMS.Staff.TestRunnerTMSAStaff@61df66b6</td></tr>
<tr>
<td title='com.juaracoding.PageObjectTMS.Staff.TestRunnerTMSAStaff.runScenario()'><b>runScenario</b><br>Test class: com.juaracoding.PageObjectTMS.Staff.TestRunnerTMSAStaff<br>Test method: Runs Cucumber Scenarios<br>Parameters: "Staff select WFO", "Login Staff"</td>
<td></td>
<td>4</td>
<td>com.juaracoding.PageObjectTMS.Staff.TestRunnerTMSAStaff@61df66b6</td></tr>
<tr>
<td title='com.juaracoding.PageObjectTMS.Staff.TestRunnerTMSAStaff.runScenario()'><b>runScenario</b><br>Test class: com.juaracoding.PageObjectTMS.Staff.TestRunnerTMSAStaff<br>Test method: Runs Cucumber Scenarios<br>Parameters: "Staff showing select box divisi", "Login Staff"</td>
<td></td>
<td>0</td>
<td>com.juaracoding.PageObjectTMS.Staff.TestRunnerTMSAStaff@61df66b6</td></tr>
<tr>
<td title='com.juaracoding.PageObjectTMS.Staff.TestRunnerTMSAStaff.runScenario()'><b>runScenario</b><br>Test class: com.juaracoding.PageObjectTMS.Staff.TestRunnerTMSAStaff<br>Test method: Runs Cucumber Scenarios<br>Parameters: "Staff showing text area keterangan", "Login Staff"</td>
<td></td>
<td>0</td>
<td>com.juaracoding.PageObjectTMS.Staff.TestRunnerTMSAStaff@61df66b6</td></tr>
<tr>
<td title='com.juaracoding.PageObjectTMS.Staff.TestRunnerTMSAStaff.runScenario()'><b>runScenario</b><br>Test class: com.juaracoding.PageObjectTMS.Staff.TestRunnerTMSAStaff<br>Test method: Runs Cucumber Scenarios<br>Parameters: "Staff select call center 1", "Login Staff"</td>
<td></td>
<td>4</td>
<td>com.juaracoding.PageObjectTMS.Staff.TestRunnerTMSAStaff@61df66b6</td></tr>
<tr>
<td title='com.juaracoding.PageObjectTMS.Staff.TestRunnerTMSAStaff.runScenario()'><b>runScenario</b><br>Test class: com.juaracoding.PageObjectTMS.Staff.TestRunnerTMSAStaff<br>Test method: Runs Cucumber Scenarios<br>Parameters: "Staff showing button choose", "Login Staff"</td>
<td></td>
<td>2</td>
<td>com.juaracoding.PageObjectTMS.Staff.TestRunnerTMSAStaff@61df66b6</td></tr>
<tr>
<td title='com.juaracoding.PageObjectTMS.Staff.TestRunnerTMSAStaff.runScenario()'><b>runScenario</b><br>Test class: com.juaracoding.PageObjectTMS.Staff.TestRunnerTMSAStaff<br>Test method: Runs Cucumber Scenarios<br>Parameters: "Staff select WFH", "Login Staff"</td>
<td></td>
<td>4</td>
<td>com.juaracoding.PageObjectTMS.Staff.TestRunnerTMSAStaff@61df66b6</td></tr>
<tr>
<td title='com.juaracoding.PageObjectTMS.Staff.TestRunnerTMSAStaff.runScenario()'><b>runScenario</b><br>Test class: com.juaracoding.PageObjectTMS.Staff.TestRunnerTMSAStaff<br>Test method: Runs Cucumber Scenarios<br>Parameters: "Staff select attraction", "Login Staff"</td>
<td></td>
<td>4</td>
<td>com.juaracoding.PageObjectTMS.Staff.TestRunnerTMSAStaff@61df66b6</td></tr>
<tr>
<td title='com.juaracoding.PageObjectTMS.Staff.TestRunnerTMSAStaff.runScenario()'><b>runScenario</b><br>Test class: com.juaracoding.PageObjectTMS.Staff.TestRunnerTMSAStaff<br>Test method: Runs Cucumber Scenarios<br>Parameters: "Staff showing select box nama shift", "Login Staff"</td>
<td></td>
<td>0</td>
<td>com.juaracoding.PageObjectTMS.Staff.TestRunnerTMSAStaff@61df66b6</td></tr>
<tr>
<td title='com.juaracoding.PageObjectTMS.Staff.TestRunnerTMSAStaff.runScenario()'><b>runScenario</b><br>Test class: com.juaracoding.PageObjectTMS.Staff.TestRunnerTMSAStaff<br>Test method: Runs Cucumber Scenarios<br>Parameters: "Staff select D1", "Login Staff"</td>
<td></td>
<td>4</td>
<td>com.juaracoding.PageObjectTMS.Staff.TestRunnerTMSAStaff@61df66b6</td></tr>
<tr>
<td title='com.juaracoding.PageObjectTMS.Staff.TestRunnerTMSAStaff.runScenario()'><b>runScenario</b><br>Test class: com.juaracoding.PageObjectTMS.Staff.TestRunnerTMSAStaff<br>Test method: Runs Cucumber Scenarios<br>Parameters: "Staff get form absen izin", "Login Staff"</td>
<td></td>
<td>12</td>
<td>com.juaracoding.PageObjectTMS.Staff.TestRunnerTMSAStaff@61df66b6</td></tr>
<tr>
<td title='com.juaracoding.PageObjectTMS.Staff.TestRunnerTMSAStaff.runScenario()'><b>runScenario</b><br>Test class: com.juaracoding.PageObjectTMS.Staff.TestRunnerTMSAStaff<br>Test method: Runs Cucumber Scenarios<br>Parameters: "Staff showing select box type absen", "Login Staff"</td>
<td></td>
<td>0</td>
<td>com.juaracoding.PageObjectTMS.Staff.TestRunnerTMSAStaff@61df66b6</td></tr>
<tr>
<td title='com.juaracoding.PageObjectTMS.Staff.TestRunnerTMSAStaff.runScenario()'><b>runScenario</b><br>Test class: com.juaracoding.PageObjectTMS.Staff.TestRunnerTMSAStaff<br>Test method: Runs Cucumber Scenarios<br>Parameters: "Staff select call center 2", "Login Staff"</td>
<td></td>
<td>4</td>
<td>com.juaracoding.PageObjectTMS.Staff.TestRunnerTMSAStaff@61df66b6</td></tr>
<tr>
<td title='com.juaracoding.PageObjectTMS.Staff.TestRunnerTMSAStaff.runScenario()'><b>runScenario</b><br>Test class: com.juaracoding.PageObjectTMS.Staff.TestRunnerTMSAStaff<br>Test method: Runs Cucumber Scenarios<br>Parameters: "Staff select call center", "Login Staff"</td>
<td></td>
<td>4</td>
<td>com.juaracoding.PageObjectTMS.Staff.TestRunnerTMSAStaff@61df66b6</td></tr>
</table><p>
</body>
</html>